2023/04/21 12:33:14 | Checkpoint ./checkpoints/3qgo981i/3qgo981i001.dict saved
2023/04/21 12:37:20 | Checkpoint ./checkpoints/3qgo981i/3qgo981i002.dict saved
2023/04/21 12:41:26 | Checkpoint ./checkpoints/3qgo981i/3qgo981i003.dict saved
2023/04/21 12:45:29 | Checkpoint ./checkpoints/3qgo981i/3qgo981i004.dict saved
2023/04/21 12:49:31 | Checkpoint ./checkpoints/3qgo981i/3qgo981i005.dict saved
2023/04/21 12:53:36 | Checkpoint ./checkpoints/3qgo981i/3qgo981i006.dict saved
2023/04/21 12:57:37 | Checkpoint ./checkpoints/3qgo981i/3qgo981i007.dict saved
2023/04/21 13:01:40 | Checkpoint ./checkpoints/3qgo981i/3qgo981i008.dict saved
2023/04/21 13:05:38 | Checkpoint ./checkpoints/3qgo981i/3qgo981i009.dict saved
2023/04/21 13:09:40 | Checkpoint ./checkpoints/3qgo981i/3qgo981i010.dict saved
2023/04/21 13:13:45 | Checkpoint ./checkpoints/3qgo981i/3qgo981i011.dict saved
2023/04/21 13:17:48 | Checkpoint ./checkpoints/3qgo981i/3qgo981i012.dict saved
2023/04/21 13:21:52 | Checkpoint ./checkpoints/3qgo981i/3qgo981i013.dict saved
2023/04/21 13:25:55 | Checkpoint ./checkpoints/3qgo981i/3qgo981i014.dict saved
2023/04/21 13:29:59 | Checkpoint ./checkpoints/3qgo981i/3qgo981i015.dict saved
2023/04/21 13:34:04 | Checkpoint ./checkpoints/3qgo981i/3qgo981i016.dict saved
2023/04/21 13:38:05 | Checkpoint ./checkpoints/3qgo981i/3qgo981i017.dict saved
2023/04/21 13:42:08 | Checkpoint ./checkpoints/3qgo981i/3qgo981i018.dict saved
2023/04/21 13:46:14 | Checkpoint ./checkpoints/3qgo981i/3qgo981i019.dict saved
2023/04/21 13:50:15 | Checkpoint ./checkpoints/3qgo981i/3qgo981i020.dict saved
2023/04/21 13:54:17 | Checkpoint ./checkpoints/3qgo981i/3qgo981i021.dict saved
2023/04/21 13:58:20 | Checkpoint ./checkpoints/3qgo981i/3qgo981i022.dict saved
2023/04/21 14:02:24 | Checkpoint ./checkpoints/3qgo981i/3qgo981i023.dict saved
2023/04/21 15:40:27 | Checkpoint ./checkpoints/hgjhbmeofx/hgjhbmeofx001.dict saved
2023/04/21 15:44:27 | Checkpoint ./checkpoints/hgjhbmeofx/hgjhbmeofx002.dict saved
2023/04/21 15:48:28 | Checkpoint ./checkpoints/hgjhbmeofx/hgjhbmeofx003.dict saved
2023/04/21 16:04:20 | Checkpoint ./checkpoints/nchzxyyiyb/nchzxyyiyb001.dict saved
2023/04/21 16:09:58 | Checkpoint ./checkpoints/nchzxyyiyb/nchzxyyiyb002.dict saved
2023/04/21 16:24:38 | Checkpoint ./checkpoints/ibeafuipdc/ibeafuipdc001.dict saved
2023/04/21 16:28:34 | Checkpoint ./checkpoints/ibeafuipdc/ibeafuipdc002.dict saved
2023/04/21 16:32:53 | Checkpoint ./checkpoints/ywnbtbyeqd/ywnbtbyeqd001.dict saved
2023/04/21 16:45:17 | Checkpoint ./checkpoints/owifenmhmw/owifenmhmw001.dict saved
2023/04/21 16:51:39 | Checkpoint ./checkpoints/2if6vj6a/2if6vj6a001.dict saved
2023/04/21 16:56:31 | Checkpoint ./checkpoints/2if6vj6a/2if6vj6a002.dict saved
2023/04/21 17:01:23 | Checkpoint ./checkpoints/2if6vj6a/2if6vj6a003.dict saved
2023/04/21 17:06:09 | Checkpoint ./checkpoints/2if6vj6a/2if6vj6a004.dict saved
2023/04/21 17:10:59 | Checkpoint ./checkpoints/2if6vj6a/2if6vj6a005.dict saved
2023/04/21 17:15:49 | Checkpoint ./checkpoints/2if6vj6a/2if6vj6a006.dict saved
2023/04/21 17:20:43 | Checkpoint ./checkpoints/2if6vj6a/2if6vj6a007.dict saved
2023/04/21 17:25:35 | Checkpoint ./checkpoints/2if6vj6a/2if6vj6a008.dict saved
2023/04/21 17:30:23 | Checkpoint ./checkpoints/2if6vj6a/2if6vj6a009.dict saved
